Post Processor Report
OrCAD FILE: D:\SHECHEM\DOCUMENTS\ONEDRIVE\DOCUMENTS\SEMESTER 5\ELECTRONIC DESIGN REALIZATION\ORCAD\PCB_FINAL\SCHEMATIC 2_ADRIAN.MAX
Fri May 31 14:41:12 2019

*********************************************************

Output file: D:\SHECHEM\DOCUMENTS\ONEDRIVE\DOCUMENTS\SEMESTER 5\ELECTRONIC DESIGN REALIZATION\ORCAD\PCB_FINAL\SCHEMATIC 2_ADRIAN.TOP

Aperture totals for D:\SHECHEM\DOCUMENTS\ONEDRIVE\DOCUMENTS\SEMESTER 5\ELECTRONIC DESIGN REALIZATION\ORCAD\PCB_FINAL\SCHEMATIC 2_ADRIAN.TOP:
---------------------------------------------------------
D10:  0.0550 ROUND  --       0 Draws,       8 Flashes
D11:  0.0520 ROUND  --       0 Draws,       1 Flashes
D12:  0.0520 SQUARE --       0 Draws,       1 Flashes
D13:  0.0866 x 0.1180 RECTANGLE -----       2 Flashes
D14:  0.0620 ROUND  --       0 Draws,      24 Flashes
D15:  0.0620 SQUARE --       0 Draws,       4 Flashes
D16:  0.0580 ROUND  --       0 Draws,      55 Flashes
D17:  0.0580 SQUARE --       0 Draws,       7 Flashes
D18:  0.0600 x 0.0400 OBLONG    -----       4 Flashes
D19:  0.0600 x 0.0400 RECTANGLE -----       2 Flashes
D20:  0.0490 ROUND  --       0 Draws,       2 Flashes
D21:  0.0490 SQUARE --       0 Draws,       1 Flashes
D22:  0.0450 ROUND  --       0 Draws,      16 Flashes
D23:  0.0750 ROUND  --       0 Draws,       2 Flashes
D24:  0.0750 SQUARE --       0 Draws,       1 Flashes
D25:  0.0500 ROUND  --       0 Draws,      18 Flashes
D26:  0.0315 ROUND  --      37 Draws,       0 Flashes
D52:  0.1100 ROUND  --       0 Draws,       3 Flashes
---------------------------------------------------------
 18 D-Codes      -----      37 Draws,     151 Flashes

*********************************************************

Output file: D:\SHECHEM\DOCUMENTS\ONEDRIVE\DOCUMENTS\SEMESTER 5\ELECTRONIC DESIGN REALIZATION\ORCAD\PCB_FINAL\SCHEMATIC 2_ADRIAN.BOT

Aperture totals for D:\SHECHEM\DOCUMENTS\ONEDRIVE\DOCUMENTS\SEMESTER 5\ELECTRONIC DESIGN REALIZATION\ORCAD\PCB_FINAL\SCHEMATIC 2_ADRIAN.BOT:
---------------------------------------------------------
D10:  0.0550 ROUND  --       0 Draws,       8 Flashes
D11:  0.0520 ROUND  --       0 Draws,       1 Flashes
D12:  0.0520 SQUARE --       0 Draws,       1 Flashes
D13:  0.0866 x 0.1180 RECTANGLE -----       2 Flashes
D14:  0.0620 ROUND  --       0 Draws,      24 Flashes
D15:  0.0620 SQUARE --       0 Draws,       4 Flashes
D16:  0.0580 ROUND  --       0 Draws,      55 Flashes
D17:  0.0580 SQUARE --       0 Draws,       7 Flashes
D18:  0.0600 x 0.0400 OBLONG    -----       4 Flashes
D19:  0.0600 x 0.0400 RECTANGLE -----       2 Flashes
D20:  0.0490 ROUND  --       0 Draws,       2 Flashes
D21:  0.0490 SQUARE --       0 Draws,       1 Flashes
D22:  0.0450 ROUND  --       0 Draws,      16 Flashes
D23:  0.0750 ROUND  --       0 Draws,       2 Flashes
D24:  0.0750 SQUARE --       0 Draws,       1 Flashes
D25:  0.0500 ROUND  --       0 Draws,      18 Flashes
D26:  0.0315 ROUND  --     235 Draws,       0 Flashes
D27:  0.0197 ROUND  --      21 Draws,       0 Flashes
D53:  0.1000 ROUND  --       0 Draws,       3 Flashes
---------------------------------------------------------
 19 D-Codes      -----     256 Draws,     151 Flashes

*********************************************************

Output file: D:\SHECHEM\DOCUMENTS\ONEDRIVE\DOCUMENTS\SEMESTER 5\ELECTRONIC DESIGN REALIZATION\ORCAD\PCB_FINAL\SCHEMATIC 2_ADRIAN.GND

Aperture totals for D:\SHECHEM\DOCUMENTS\ONEDRIVE\DOCUMENTS\SEMESTER 5\ELECTRONIC DESIGN REALIZATION\ORCAD\PCB_FINAL\SCHEMATIC 2_ADRIAN.GND:
---------------------------------------------------------
D13:  0.0866 x 0.1180 RECTANGLE -----       2 Flashes
D23:  0.0750 ROUND  --       0 Draws,       8 Flashes
D28:  0.0720 ROUND  --       0 Draws,       1 Flashes
D29:  0.0720 SQUARE --       0 Draws,       1 Flashes
D30:  0.0820 ROUND  --       0 Draws,      18 Flashes
D31:  0.0820 SQUARE --       0 Draws,       4 Flashes
D32:  0.0780 ROUND  --       0 Draws,      55 Flashes
D33:  0.0780 SQUARE --       0 Draws,       7 Flashes
D34:  0.0700 ROUND  --       0 Draws,       6 Flashes
D35:  0.0800 x 0.0600 OBLONG    -----       4 Flashes
D36:  0.0800 x 0.0600 RECTANGLE -----       2 Flashes
D37:  0.0690 ROUND  --       0 Draws,       2 Flashes
D38:  0.0690 SQUARE --       0 Draws,       1 Flashes
D39:  0.0650 ROUND  --       0 Draws,      16 Flashes
D40:  0.0950 ROUND  --       0 Draws,       2 Flashes
D41:  0.0950 SQUARE --       0 Draws,       1 Flashes
D42:  0.0500 ROUND  --       5 Draws,       0 Flashes
D43:  0.0750 ROUND  --       0 Draws,      18 Flashes
D54:  0.1400 ROUND  --       0 Draws,       3 Flashes
---------------------------------------------------------
 19 D-Codes      -----       5 Draws,     151 Flashes

*********************************************************

Output file: D:\SHECHEM\DOCUMENTS\ONEDRIVE\DOCUMENTS\SEMESTER 5\ELECTRONIC DESIGN REALIZATION\ORCAD\PCB_FINAL\SCHEMATIC 2_ADRIAN.PWR

Aperture totals for D:\SHECHEM\DOCUMENTS\ONEDRIVE\DOCUMENTS\SEMESTER 5\ELECTRONIC DESIGN REALIZATION\ORCAD\PCB_FINAL\SCHEMATIC 2_ADRIAN.PWR:
---------------------------------------------------------
D13:  0.0866 x 0.1180 RECTANGLE -----       2 Flashes
D23:  0.0750 ROUND  --       0 Draws,       8 Flashes
D28:  0.0720 ROUND  --       0 Draws,       1 Flashes
D29:  0.0720 SQUARE --       0 Draws,       1 Flashes
D30:  0.0820 ROUND  --       0 Draws,      18 Flashes
D31:  0.0820 SQUARE --       0 Draws,       4 Flashes
D32:  0.0780 ROUND  --       0 Draws,      55 Flashes
D33:  0.0780 SQUARE --       0 Draws,       7 Flashes
D34:  0.0700 ROUND  --       0 Draws,       6 Flashes
D35:  0.0800 x 0.0600 OBLONG    -----       4 Flashes
D36:  0.0800 x 0.0600 RECTANGLE -----       2 Flashes
D37:  0.0690 ROUND  --       0 Draws,       2 Flashes
D38:  0.0690 SQUARE --       0 Draws,       1 Flashes
D39:  0.0650 ROUND  --       0 Draws,      16 Flashes
D40:  0.0950 ROUND  --       0 Draws,       2 Flashes
D41:  0.0950 SQUARE --       0 Draws,       1 Flashes
D42:  0.0500 ROUND  --       5 Draws,       0 Flashes
D43:  0.0750 ROUND  --       0 Draws,      18 Flashes
D54:  0.1400 ROUND  --       0 Draws,       3 Flashes
---------------------------------------------------------
 19 D-Codes      -----       5 Draws,     151 Flashes

*********************************************************

Output file: D:\SHECHEM\DOCUMENTS\ONEDRIVE\DOCUMENTS\SEMESTER 5\ELECTRONIC DESIGN REALIZATION\ORCAD\PCB_FINAL\SCHEMATIC 2_ADRIAN.SMT

Aperture totals for D:\SHECHEM\DOCUMENTS\ONEDRIVE\DOCUMENTS\SEMESTER 5\ELECTRONIC DESIGN REALIZATION\ORCAD\PCB_FINAL\SCHEMATIC 2_ADRIAN.SMT:
---------------------------------------------------------
D10:  0.0550 ROUND  --       0 Draws,       8 Flashes
D11:  0.0520 ROUND  --       0 Draws,       1 Flashes
D12:  0.0520 SQUARE --       0 Draws,       1 Flashes
D14:  0.0620 ROUND  --       0 Draws,      18 Flashes
D15:  0.0620 SQUARE --       0 Draws,       4 Flashes
D16:  0.0580 ROUND  --       0 Draws,      55 Flashes
D17:  0.0580 SQUARE --       0 Draws,       7 Flashes
D18:  0.0600 x 0.0400 OBLONG    -----       4 Flashes
D19:  0.0600 x 0.0400 RECTANGLE -----       2 Flashes
D20:  0.0490 ROUND  --       0 Draws,       2 Flashes
D21:  0.0490 SQUARE --       0 Draws,       1 Flashes
D22:  0.0450 ROUND  --       0 Draws,      16 Flashes
D23:  0.0750 ROUND  --       0 Draws,       2 Flashes
D24:  0.0750 SQUARE --       0 Draws,       1 Flashes
D44:  0.0945 x 0.1260 RECTANGLE -----       2 Flashes
D45:  0.0670 ROUND  --       0 Draws,       4 Flashes
D46:  0.0670 SQUARE --       0 Draws,       2 Flashes
D47:  0.0550 ROUND  --       0 Draws,      18 Flashes
D55:  0.1050 ROUND  --       0 Draws,       3 Flashes
---------------------------------------------------------
 19 D-Codes      -----       0 Draws,     151 Flashes

*********************************************************

Output file: D:\SHECHEM\DOCUMENTS\ONEDRIVE\DOCUMENTS\SEMESTER 5\ELECTRONIC DESIGN REALIZATION\ORCAD\PCB_FINAL\SCHEMATIC 2_ADRIAN.SMB

Aperture totals for D:\SHECHEM\DOCUMENTS\ONEDRIVE\DOCUMENTS\SEMESTER 5\ELECTRONIC DESIGN REALIZATION\ORCAD\PCB_FINAL\SCHEMATIC 2_ADRIAN.SMB:
---------------------------------------------------------
D10:  0.0550 ROUND  --       0 Draws,       8 Flashes
D11:  0.0520 ROUND  --       0 Draws,       1 Flashes
D12:  0.0520 SQUARE --       0 Draws,       1 Flashes
D14:  0.0620 ROUND  --       0 Draws,      18 Flashes
D15:  0.0620 SQUARE --       0 Draws,       4 Flashes
D16:  0.0580 ROUND  --       0 Draws,      55 Flashes
D17:  0.0580 SQUARE --       0 Draws,       7 Flashes
D18:  0.0600 x 0.0400 OBLONG    -----       4 Flashes
D19:  0.0600 x 0.0400 RECTANGLE -----       2 Flashes
D20:  0.0490 ROUND  --       0 Draws,       2 Flashes
D21:  0.0490 SQUARE --       0 Draws,       1 Flashes
D22:  0.0450 ROUND  --       0 Draws,      16 Flashes
D23:  0.0750 ROUND  --       0 Draws,       2 Flashes
D24:  0.0750 SQUARE --       0 Draws,       1 Flashes
D44:  0.0945 x 0.1260 RECTANGLE -----       2 Flashes
D45:  0.0670 ROUND  --       0 Draws,       6 Flashes
D47:  0.0550 ROUND  --       0 Draws,      18 Flashes
D55:  0.1050 ROUND  --       0 Draws,       3 Flashes
---------------------------------------------------------
 18 D-Codes      -----       0 Draws,     151 Flashes

*********************************************************

Output file: D:\SHECHEM\DOCUMENTS\ONEDRIVE\DOCUMENTS\SEMESTER 5\ELECTRONIC DESIGN REALIZATION\ORCAD\PCB_FINAL\SCHEMATIC 2_ADRIAN.SST

Aperture totals for D:\SHECHEM\DOCUMENTS\ONEDRIVE\DOCUMENTS\SEMESTER 5\ELECTRONIC DESIGN REALIZATION\ORCAD\PCB_FINAL\SCHEMATIC 2_ADRIAN.SST:
---------------------------------------------------------
D48:  0.0080 ROUND  --     578 Draws,       0 Flashes
D49:  0.0010 ROUND  --      13 Draws,       0 Flashes
D50:  0.0098 ROUND  --      44 Draws,       0 Flashes
D51:  0.0100 ROUND  --      38 Draws,       0 Flashes
---------------------------------------------------------
  4 D-Codes      -----     673 Draws,       0 Flashes

*********************************************************

Output file: D:\SHECHEM\DOCUMENTS\ONEDRIVE\DOCUMENTS\SEMESTER 5\ELECTRONIC DESIGN REALIZATION\ORCAD\PCB_FINAL\SCHEMATIC 2_ADRIAN.AST

Aperture totals for D:\SHECHEM\DOCUMENTS\ONEDRIVE\DOCUMENTS\SEMESTER 5\ELECTRONIC DESIGN REALIZATION\ORCAD\PCB_FINAL\SCHEMATIC 2_ADRIAN.AST:
---------------------------------------------------------
D10:  0.0550 ROUND  --       0 Draws,       8 Flashes
D11:  0.0520 ROUND  --       0 Draws,       1 Flashes
D12:  0.0520 SQUARE --       0 Draws,       1 Flashes
D14:  0.0620 ROUND  --       0 Draws,      18 Flashes
D15:  0.0620 SQUARE --       0 Draws,       4 Flashes
D16:  0.0580 ROUND  --       0 Draws,      55 Flashes
D17:  0.0580 SQUARE --       0 Draws,       7 Flashes
D18:  0.0600 x 0.0400 OBLONG    -----       4 Flashes
D19:  0.0600 x 0.0400 RECTANGLE -----       2 Flashes
D20:  0.0490 ROUND  --       0 Draws,       2 Flashes
D21:  0.0490 SQUARE --       0 Draws,       1 Flashes
D22:  0.0450 ROUND  --       0 Draws,      16 Flashes
D23:  0.0750 ROUND  --       0 Draws,       2 Flashes
D24:  0.0750 SQUARE --       0 Draws,       1 Flashes
D42:  0.0500 ROUND  --       5 Draws,       0 Flashes
D48:  0.0080 ROUND  --    1460 Draws,       0 Flashes
D49:  0.0010 ROUND  --       8 Draws,       0 Flashes
D50:  0.0098 ROUND  --     181 Draws,       0 Flashes
D51:  0.0100 ROUND  --      38 Draws,       0 Flashes
---------------------------------------------------------
 19 D-Codes      -----    1692 Draws,     122 Flashes

*********************************************************

Output file: D:\SHECHEM\DOCUMENTS\ONEDRIVE\DOCUMENTS\SEMESTER 5\ELECTRONIC DESIGN REALIZATION\ORCAD\PCB_FINAL\SCHEMATIC 2_ADRIAN.DRD

Aperture totals for D:\SHECHEM\DOCUMENTS\ONEDRIVE\DOCUMENTS\SEMESTER 5\ELECTRONIC DESIGN REALIZATION\ORCAD\PCB_FINAL\SCHEMATIC 2_ADRIAN.DRD:
---------------------------------------------------------
D42:  0.0500 ROUND  --       5 Draws,       0 Flashes
D51:  0.0100 ROUND  --    1496 Draws,       0 Flashes
---------------------------------------------------------
  2 D-Codes      -----    1501 Draws,       0 Flashes


*********************************************************

Aperture totals for entire project:
---------------------------------------------------------
D10:  0.0550 ROUND  --       0 Draws,      40 Flashes
D11:  0.0520 ROUND  --       0 Draws,       5 Flashes
D12:  0.0520 SQUARE --       0 Draws,       5 Flashes
D13:  0.0866 x 0.1180 RECTANGLE -----       8 Flashes
D14:  0.0620 ROUND  --       0 Draws,     102 Flashes
D15:  0.0620 SQUARE --       0 Draws,      20 Flashes
D16:  0.0580 ROUND  --       0 Draws,     275 Flashes
D17:  0.0580 SQUARE --       0 Draws,      35 Flashes
D18:  0.0600 x 0.0400 OBLONG    -----      20 Flashes
D19:  0.0600 x 0.0400 RECTANGLE -----      10 Flashes
D20:  0.0490 ROUND  --       0 Draws,      10 Flashes
D21:  0.0490 SQUARE --       0 Draws,       5 Flashes
D22:  0.0450 ROUND  --       0 Draws,      80 Flashes
D23:  0.0750 ROUND  --       0 Draws,      26 Flashes
D24:  0.0750 SQUARE --       0 Draws,       5 Flashes
D25:  0.0500 ROUND  --       0 Draws,      36 Flashes
D26:  0.0315 ROUND  --     272 Draws,       0 Flashes
D27:  0.0197 ROUND  --      21 Draws,       0 Flashes
D28:  0.0720 ROUND  --       0 Draws,       2 Flashes
D29:  0.0720 SQUARE --       0 Draws,       2 Flashes
D30:  0.0820 ROUND  --       0 Draws,      36 Flashes
D31:  0.0820 SQUARE --       0 Draws,       8 Flashes
D32:  0.0780 ROUND  --       0 Draws,     110 Flashes
D33:  0.0780 SQUARE --       0 Draws,      14 Flashes
D34:  0.0700 ROUND  --       0 Draws,      12 Flashes
D35:  0.0800 x 0.0600 OBLONG    -----       8 Flashes
D36:  0.0800 x 0.0600 RECTANGLE -----       4 Flashes
D37:  0.0690 ROUND  --       0 Draws,       4 Flashes
D38:  0.0690 SQUARE --       0 Draws,       2 Flashes
D39:  0.0650 ROUND  --       0 Draws,      32 Flashes
D40:  0.0950 ROUND  --       0 Draws,       4 Flashes
D41:  0.0950 SQUARE --       0 Draws,       2 Flashes
D42:  0.0500 ROUND  --      20 Draws,       0 Flashes
D43:  0.0750 ROUND  --       0 Draws,      36 Flashes
D44:  0.0945 x 0.1260 RECTANGLE -----       4 Flashes
D45:  0.0670 ROUND  --       0 Draws,      10 Flashes
D46:  0.0670 SQUARE --       0 Draws,       2 Flashes
D47:  0.0550 ROUND  --       0 Draws,      36 Flashes
D48:  0.0080 ROUND  --    2038 Draws,       0 Flashes
D49:  0.0010 ROUND  --      21 Draws,       0 Flashes
D50:  0.0098 ROUND  --     225 Draws,       0 Flashes
D51:  0.0100 ROUND  --    1572 Draws,       0 Flashes
D52:  0.1100 ROUND  --       0 Draws,       3 Flashes
D53:  0.1000 ROUND  --       0 Draws,       3 Flashes
D54:  0.1400 ROUND  --       0 Draws,       6 Flashes
D55:  0.1050 ROUND  --       0 Draws,       6 Flashes
---------------------------------------------------------
 46 D-Codes      -----    4169 Draws,    1028 Flashes


No warnings or errors.
