Fri May 31 11:53:31 Log file reset
Fri May 31 11:53:31 Loaded file BACKUP0.MAX
Fri May 31 11:56:04 Saved as file D:\SHECHEM\DOCUMENTS\ONEDRIVE\DOCUMENTS\SEMESTER 5\ELECTRONIC DESIGN REALIZATION\ORCAD\PCB_FINAL\SCHEMATIC 2_ADRIAN.MAX
Fri May 31 12:52:13 Saved as file D:\SHECHEM\DOCUMENTS\ONEDRIVE\DOCUMENTS\SEMESTER 5\ELECTRONIC DESIGN REALIZATION\ORCAD\PCB_FINAL\SCHEMATIC 2_ADRIAN.MAX
Fri May 31 12:52:38 Saved as file BACKUP1.MAX
Fri May 31 12:52:38 Saved as file D:\SHECHEM\DOCUMENTS\ONEDRIVE\DOCUMENTS\SEMESTER 5\ELECTRONIC DESIGN REALIZATION\ORCAD\PCB_FINAL\SCHEMATIC 2_ADRIAN.MAX
Fri May 31 12:52:38 UserDiv from Layout.INI for AutoECO: 60
Fri May 31 12:52:38 Loaded file D:\SHECHEM\DOCUMENTS\ONEDRIVE\DOCUMENTS\SEMESTER 5\ELECTRONIC DESIGN REALIZATION\ORCAD\PCB_FINAL\SCHEMATIC 2_ADRIAN.MAX
Fri May 31 12:52:38 Loaded file E:\ORCAD\LAYOUT_PLUS\library\BCON100T.llb
Fri May 31 12:52:38 Loaded file E:\ORCAD\LAYOUT_PLUS\library\BCON156T.llb
Fri May 31 12:52:38 Loaded file E:\ORCAD\LAYOUT_PLUS\library\BGA.llb
Fri May 31 12:52:38 Loaded file E:\ORCAD\LAYOUT_PLUS\library\CLCC.llb
Fri May 31 12:52:38 Loaded file E:\ORCAD\LAYOUT_PLUS\library\DCON050T.llb
Fri May 31 12:52:38 Loaded file E:\ORCAD\LAYOUT_PLUS\library\DCON085T.llb
Fri May 31 12:52:38 Loaded file E:\ORCAD\LAYOUT_PLUS\library\DIMM050F.llb
Fri May 31 12:52:38 Loaded file E:\ORCAD\LAYOUT_PLUS\library\DIMM050T.llb
Fri May 31 12:52:38 Loaded file E:\ORCAD\LAYOUT_PLUS\library\DIN.llb
Fri May 31 12:52:38 Loaded file E:\ORCAD\LAYOUT_PLUS\library\DIP100B.llb
Fri May 31 12:52:38 Loaded file E:\ORCAD\LAYOUT_PLUS\library\DIP100T.llb
Fri May 31 12:52:38 Loaded file E:\ORCAD\LAYOUT_PLUS\library\DSUBT.llb
Fri May 31 12:52:38 Loaded file E:\ORCAD\LAYOUT_PLUS\library\DSUBT_HD.LLB
Fri May 31 12:52:38 Loaded file E:\ORCAD\LAYOUT_PLUS\library\ECON100T.llb
Fri May 31 12:52:38 Loaded file E:\ORCAD\LAYOUT_PLUS\library\FBUS.llb
Fri May 31 12:52:38 Loaded file E:\ORCAD\LAYOUT_PLUS\library\ISA.llb
Fri May 31 12:52:38 Loaded file E:\ORCAD\LAYOUT_PLUS\library\JUMPER.LLB
Fri May 31 12:52:38 Loaded file E:\ORCAD\LAYOUT_PLUS\library\LAYOUT.llb
Fri May 31 12:52:38 Loaded file E:\ORCAD\LAYOUT_PLUS\library\LCON100T.llb
Fri May 31 12:52:38 Loaded file E:\ORCAD\LAYOUT_PLUS\library\PC104.llb
Fri May 31 12:52:38 Loaded file E:\ORCAD\LAYOUT_PLUS\library\PCI.llb
Fri May 31 12:52:38 Loaded file E:\ORCAD\LAYOUT_PLUS\library\PCON100T.llb
Fri May 31 12:52:38 Loaded file E:\ORCAD\LAYOUT_PLUS\library\PCON156T.llb
Fri May 31 12:52:38 Loaded file E:\ORCAD\LAYOUT_PLUS\library\PGA.llb
Fri May 31 12:52:38 Loaded file E:\ORCAD\LAYOUT_PLUS\library\PLCC.llb
Fri May 31 12:52:38 Loaded file E:\ORCAD\LAYOUT_PLUS\library\QUAD.llb
Fri May 31 12:52:38 Loaded file E:\ORCAD\LAYOUT_PLUS\library\QUADB.llb
Fri May 31 12:52:38 Loaded file E:\ORCAD\LAYOUT_PLUS\library\RELAY.llb
Fri May 31 12:52:38 Loaded file E:\ORCAD\LAYOUT_PLUS\library\RF.llb
Fri May 31 12:52:38 Loaded file E:\ORCAD\LAYOUT_PLUS\library\SBUS.llb
Fri May 31 12:52:38 Loaded file E:\ORCAD\LAYOUT_PLUS\library\SIMM050F.llb
Fri May 31 12:52:38 Loaded file E:\ORCAD\LAYOUT_PLUS\library\SIMM050T.llb
Fri May 31 12:52:38 Loaded file E:\ORCAD\LAYOUT_PLUS\library\SIMM100F.llb
Fri May 31 12:52:38 Loaded file E:\ORCAD\LAYOUT_PLUS\library\SIMM100T.llb
Fri May 31 12:52:38 Loaded file E:\ORCAD\LAYOUT_PLUS\library\SIP.llb
Fri May 31 12:52:38 Loaded file E:\ORCAD\LAYOUT_PLUS\library\SM.llb
Fri May 31 12:52:38 Loaded file E:\ORCAD\LAYOUT_PLUS\library\SOG.llb
Fri May 31 12:52:38 Loaded file E:\ORCAD\LAYOUT_PLUS\library\SOJ.llb
Fri May 31 12:52:38 Loaded file E:\ORCAD\LAYOUT_PLUS\library\STIFF.llb
Fri May 31 12:52:38 Loaded file E:\ORCAD\LAYOUT_PLUS\library\TELE.llb
Fri May 31 12:52:38 Loaded file E:\ORCAD\LAYOUT_PLUS\library\TM_AXIAL.llb
Fri May 31 12:52:38 Loaded file E:\ORCAD\LAYOUT_PLUS\library\TM_CAP_P.llb
Fri May 31 12:52:38 Loaded file E:\ORCAD\LAYOUT_PLUS\library\TM_CYLND.llb
Fri May 31 12:52:38 Loaded file E:\ORCAD\LAYOUT_PLUS\library\TM_DIODE.llb
Fri May 31 12:52:38 Loaded file E:\ORCAD\LAYOUT_PLUS\library\TM_DISC.llb
Fri May 31 12:52:38 Loaded file E:\ORCAD\LAYOUT_PLUS\library\TM_RAD.llb
Fri May 31 12:52:38 Loaded file E:\ORCAD\LAYOUT_PLUS\library\TO.llb
Fri May 31 12:52:39 Loaded file E:\ORCAD\LAYOUT_PLUS\library\TRAINING.LLB
Fri May 31 12:52:39 Loaded file E:\ORCAD\LAYOUT_PLUS\library\VRES.llb
Fri May 31 12:52:39 Loaded file E:\ORCAD\LAYOUT_PLUS\library\WCON100T.llb
Fri May 31 12:52:39 Loaded file E:\ORCAD\LAYOUT_PLUS\library\XT.llb
Fri May 31 12:52:39 Loaded file E:\ORCAD\LAYOUT_PLUS\library\ZIGZAG.llb
Fri May 31 12:52:39 Saved as file D:\SHECHEM\DOCUMENTS\ONEDRIVE\DOCUMENTS\SEMESTER 5\ELECTRONIC DESIGN REALIZATION\ORCAD\PCB_FINAL\SCHEMATIC 2_ADRIAN.MAX
Fri May 31 12:52:40 Loaded file D:\SHECHEM\DOCUMENTS\ONEDRIVE\DOCUMENTS\SEMESTER 5\ELECTRONIC DESIGN REALIZATION\ORCAD\PCB_FINAL\SCHEMATIC 2_ADRIAN.MAX
Fri May 31 12:52:55 Loaded file e:\orcad\Layout_Plus\data\template.imp
Fri May 31 12:52:55 Loaded file e:\orcad\Layout_Plus\data\template.imp
Fri May 31 12:52:55 Loaded file e:\orcad\Layout_Plus\data\template.imp
Fri May 31 12:52:55 Loaded file e:\orcad\Layout_Plus\data\template.imp
Fri May 31 12:53:00 Loaded file e:\orcad\Layout_Plus\library\BCON100T.llb
Fri May 31 12:53:01 Loaded file e:\orcad\Layout_Plus\data\template.imp
Fri May 31 12:53:51 Loaded file e:\orcad\Layout_Plus\data\template.imp
Fri May 31 12:53:51 Loaded file e:\orcad\Layout_Plus\data\template.imp
Fri May 31 12:53:51 Loaded file e:\orcad\Layout_Plus\data\template.imp
Fri May 31 12:53:51 Loaded file e:\orcad\Layout_Plus\data\template.imp
Fri May 31 12:53:53 Loaded file e:\orcad\Layout_Plus\library\BCON100T.llb
Fri May 31 12:53:57 Loaded file e:\orcad\Layout_Plus\data\template.imp
Fri May 31 12:54:32 Saved as file ~undo.max
Fri May 31 12:55:29 Saved as file ~undo.max
Fri May 31 12:57:17 Saved as file ~undo.max
Fri May 31 12:57:45 Saved as file ~undo.max
Fri May 31 13:01:53 Saved as file ~undo.max
Fri May 31 13:04:53 Saved as file ~undo.max
Fri May 31 13:05:28 Saved as file ~undo.max
Fri May 31 13:06:45 Saved as file BACKUP1.MAX
Fri May 31 13:07:08 Saved as file ~undo.max
Fri May 31 13:07:31 Saved as file D:\SHECHEM\DOCUMENTS\ONEDRIVE\DOCUMENTS\SEMESTER 5\ELECTRONIC DESIGN REALIZATION\ORCAD\PCB_FINAL\SCHEMATIC 2_ADRIAN.MAX
Fri May 31 13:13:42 Saved as file D:\SHECHEM\DOCUMENTS\ONEDRIVE\DOCUMENTS\SEMESTER 5\ELECTRONIC DESIGN REALIZATION\ORCAD\PCB_FINAL\SCHEMATIC 2_ADRIAN.MAX
Fri May 31 14:32:55 Loaded file e:\orcad\Layout_Plus\data\template.imp
Fri May 31 14:32:55 Loaded file e:\orcad\Layout_Plus\data\template.imp
Fri May 31 14:33:00 Loaded file e:\orcad\Layout_Plus\library\LAYOUT.llb
Fri May 31 14:33:02 Loaded file e:\orcad\Layout_Plus\data\template.imp
Fri May 31 14:33:52 Loaded file e:\orcad\Layout_Plus\data\template.imp
Fri May 31 14:33:52 Loaded file e:\orcad\Layout_Plus\data\template.imp
Fri May 31 14:33:56 Loaded file e:\orcad\Layout_Plus\library\LAYOUT.llb
Fri May 31 14:33:58 Loaded file e:\orcad\Layout_Plus\data\template.imp
Fri May 31 14:33:58 Loaded file e:\orcad\Layout_Plus\data\template.imp
Fri May 31 14:34:29 Loaded file e:\orcad\Layout_Plus\data\template.imp
Fri May 31 14:34:29 Loaded file e:\orcad\Layout_Plus\data\template.imp
Fri May 31 14:34:37 Loaded file e:\orcad\Layout_Plus\library\LAYOUT.llb
Fri May 31 14:34:38 Loaded file e:\orcad\Layout_Plus\data\template.imp
Fri May 31 14:35:41 Saved as file ~undo.max
Fri May 31 14:36:04 Saved as file ~undo.max
Fri May 31 14:36:33 Loaded file e:\orcad\Layout_Plus\data\template.imp
Fri May 31 14:36:33 Loaded file e:\orcad\Layout_Plus\data\template.imp
Fri May 31 14:36:40 Loaded file e:\orcad\Layout_Plus\data\template.imp
Fri May 31 14:37:19 Loaded file e:\orcad\Layout_Plus\data\template.imp
Fri May 31 14:37:19 Loaded file e:\orcad\Layout_Plus\data\template.imp
Fri May 31 14:37:23 Loaded file e:\orcad\Layout_Plus\data\template.imp
Fri May 31 14:38:36 Saved as file ~undo.max
Fri May 31 14:39:09 Saved as file D:\SHECHEM\DOCUMENTS\ONEDRIVE\DOCUMENTS\SEMESTER 5\ELECTRONIC DESIGN REALIZATION\ORCAD\PCB_FINAL\SCHEMATIC 2_ADRIAN.MAX
Fri May 31 14:39:11 Saved as file ~undo.max
Fri May 31 14:39:40 Saved as file ~undo.max
Fri May 31 14:39:49 Saved as file BACKUP1.MAX
Fri May 31 14:40:07 Removed unused footprint: MTHOLE1_31
Fri May 31 14:40:08 Removed unused footprint: MTHOLE1_34
Fri May 31 14:40:08 Removed unused footprint: MTHOLE1_33
Fri May 31 14:40:08 Removed unused footprint: MTHOLE1_32
Fri May 31 14:40:08 Removed unused footprint: MTHOLE1_31
Fri May 31 14:50:19 Saved as file BACKUP1.MAX
Fri May 31 14:51:33 Saved as file D:\SHECHEM\DOCUMENTS\ONEDRIVE\DOCUMENTS\SEMESTER 5\ELECTRONIC DESIGN REALIZATION\ORCAD\PCB_FINAL\SCHEMATIC 2_ADRIAN.MAX
Sun Jun 02 07:48:54 Saved as file D:\SHECHEM\DOCUMENTS\ONEDRIVE\DOCUMENTS\SEMESTER 5\ELECTRONIC DESIGN REALIZATION\ORCAD\PCB_FINAL\SCHEMATIC 2_ADRIAN.MAX
Sun Jun 02 18:04:18 Saved as file BACKUP1.MAX
Sun Jun 02 18:14:48 Saved as file BACKUP1.MAX
Sun Jun 02 18:25:18 Saved as file BACKUP1.MAX
Sun Jun 02 18:36:30 Saved as file BACKUP1.MAX
Sun Jun 02 18:47:00 Saved as file BACKUP1.MAX
Sun Jun 02 20:08:00 Saved as file BACKUP1.MAX
Sun Jun 02 20:18:30 Saved as file BACKUP1.MAX
Sun Jun 02 20:51:16 Saved as file BACKUP1.MAX
Sun Jun 02 22:01:43 Saved as file BACKUP1.MAX
Sun Jun 02 22:12:13 Saved as file BACKUP1.MAX
Sun Jun 02 22:22:43 Saved as file BACKUP1.MAX
Sun Jun 02 22:33:13 Saved as file BACKUP1.MAX
Sun Jun 02 22:51:52 Saved as file BACKUP1.MAX
Sun Jun 02 23:02:22 Saved as file BACKUP1.MAX
Sun Jun 02 23:55:12 Saved as file BACKUP1.MAX
Mon Jun 03 00:05:42 Saved as file BACKUP1.MAX
Mon Jun 03 00:16:10 Saved as file BACKUP1.MAX
Mon Jun 03 00:26:40 Saved as file BACKUP1.MAX
Mon Jun 03 00:41:21 Saved as file BACKUP1.MAX
Mon Jun 03 00:51:51 Saved as file BACKUP1.MAX
Mon Jun 03 01:02:17 Saved as file BACKUP1.MAX
Mon Jun 03 01:12:21 Saved as file BACKUP1.MAX
Mon Jun 03 01:22:51 Saved as file BACKUP1.MAX
Mon Jun 03 01:31:01 Saved as file ~undo.max
Mon Jun 03 01:33:21 Saved as file BACKUP1.MAX
Mon Jun 03 01:43:51 Saved as file BACKUP1.MAX
Mon Jun 03 02:18:19 Saved as file BACKUP1.MAX
Mon Jun 03 02:28:49 Saved as file BACKUP1.MAX
Mon Jun 03 03:02:50 Saved as file BACKUP1.MAX
Mon Jun 03 03:13:20 Saved as file BACKUP1.MAX
Mon Jun 03 03:23:50 Saved as file BACKUP1.MAX
Mon Jun 03 03:42:19 Saved as file BACKUP1.MAX
Mon Jun 03 03:52:49 Saved as file BACKUP1.MAX
Mon Jun 03 04:03:19 Saved as file BACKUP1.MAX
Mon Jun 03 04:13:49 Saved as file BACKUP1.MAX
Mon Jun 03 04:24:19 Saved as file BACKUP1.MAX
Mon Jun 03 04:38:39 Saved as file BACKUP1.MAX
Mon Jun 03 04:49:09 Saved as file BACKUP1.MAX
Mon Jun 03 04:59:48 Saved as file BACKUP1.MAX
Mon Jun 03 05:10:18 Saved as file BACKUP1.MAX
Mon Jun 03 05:20:48 Saved as file BACKUP1.MAX
Mon Jun 03 05:31:18 Saved as file BACKUP1.MAX
Mon Jun 03 05:41:48 Saved as file BACKUP1.MAX
Mon Jun 03 05:52:16 Saved as file BACKUP1.MAX
Mon Jun 03 06:02:46 Saved as file BACKUP1.MAX
Mon Jun 03 06:13:16 Saved as file BACKUP1.MAX
Mon Jun 03 06:54:47 Saved as file BACKUP1.MAX
Mon Jun 03 07:42:38 Saved as file BACKUP1.MAX
Mon Jun 03 07:53:08 Saved as file BACKUP1.MAX
Mon Jun 03 08:58:55 Saved as file BACKUP1.MAX
Mon Jun 03 09:22:53 Saved as file BACKUP1.MAX
Mon Jun 03 09:33:23 Saved as file BACKUP1.MAX
Mon Jun 03 10:07:45 Saved as file BACKUP1.MAX
Mon Jun 03 10:08:18 Saved as file D:\SHECHEM\DOCUMENTS\ONEDRIVE\DOCUMENTS\SEMESTER 5\ELECTRONIC DESIGN REALIZATION\ORCAD\PCB_FINAL\SCHEMATIC 2_ADRIAN.MAX
