AutoECO Report
FILE-A: D:\SHECHEM\DOCUMENTS\ONEDRIVE\DOCUMENTS\SEMESTER 5\ELECTRONIC DESIGN REALIZATION\ORCAD\PCB_FINAL\SCHEMATIC 1.MAX
FILE-B: D:\SHECHEM\DOCUMENTS\ONEDRIVE\DOCUMENTS\SEMESTER 5\ELECTRONIC DESIGN REALIZATION\ORCAD\PCB_FINAL\SCHEMATIC 1.MNL
If "*EOF*" immediately follows, no changes were made
Adding package HEADER_16
Adding J2.15 to net N00588
Adding J2.16 to net N00736
Adding J2.10 to net N00736
Adding J2.9 to net N00736
Adding J2.8 to net N00736
Adding J2.7 to net N00736
Deleting J2.10 from net N03303
Adding J2.14 to net N03303
Deleting J2.9 from net N03341
Adding J2.13 to net N03341
Deleting J2.8 from net N03383
Adding J2.12 to net N03383
Deleting J2.7 from net N03418
Adding J2.11 to net N03418
*EOF*
No errors found
