Fri May 31 12:39:35 Saved as file D:\SHECHEM\DOCUMENTS\ONEDRIVE\DOCUMENTS\SEMESTER 5\ELECTRONIC DESIGN REALIZATION\ORCAD\PCB_FINAL\TRY_2_POWER_CORRECT\SCHEMATIC 1.MAX
Fri May 31 12:39:35 Saved as file BACKUP1.MAX
Fri May 31 12:39:35 Saved as file D:\SHECHEM\DOCUMENTS\ONEDRIVE\DOCUMENTS\SEMESTER 5\ELECTRONIC DESIGN REALIZATION\ORCAD\PCB_FINAL\TRY_2_POWER_CORRECT\SCHEMATIC 1.MAX
Fri May 31 12:39:35 UserDiv from Layout.INI for AutoECO: 60
Fri May 31 12:39:35 Loaded file D:\SHECHEM\DOCUMENTS\ONEDRIVE\DOCUMENTS\SEMESTER 5\ELECTRONIC DESIGN REALIZATION\ORCAD\PCB_FINAL\TRY_2_POWER_CORRECT\SCHEMATIC 1.MAX
Fri May 31 12:39:35 Loaded file E:\ORCAD\LAYOUT_PLUS\library\BCON100T.llb
Fri May 31 12:39:35 Loaded file E:\ORCAD\LAYOUT_PLUS\library\BCON156T.llb
Fri May 31 12:39:35 Loaded file E:\ORCAD\LAYOUT_PLUS\library\BGA.llb
Fri May 31 12:39:35 Loaded file E:\ORCAD\LAYOUT_PLUS\library\CLCC.llb
Fri May 31 12:39:35 Loaded file E:\ORCAD\LAYOUT_PLUS\library\DCON050T.llb
Fri May 31 12:39:35 Loaded file E:\ORCAD\LAYOUT_PLUS\library\DCON085T.llb
Fri May 31 12:39:35 Loaded file E:\ORCAD\LAYOUT_PLUS\library\DIMM050F.llb
Fri May 31 12:39:35 Loaded file E:\ORCAD\LAYOUT_PLUS\library\DIMM050T.llb
Fri May 31 12:39:35 Loaded file E:\ORCAD\LAYOUT_PLUS\library\DIN.llb
Fri May 31 12:39:35 Loaded file E:\ORCAD\LAYOUT_PLUS\library\DIP100B.llb
Fri May 31 12:39:35 Loaded file E:\ORCAD\LAYOUT_PLUS\library\DIP100T.llb
Fri May 31 12:39:35 Loaded file E:\ORCAD\LAYOUT_PLUS\library\DSUBT.llb
Fri May 31 12:39:35 Loaded file E:\ORCAD\LAYOUT_PLUS\library\DSUBT_HD.LLB
Fri May 31 12:39:35 Loaded file E:\ORCAD\LAYOUT_PLUS\library\ECON100T.llb
Fri May 31 12:39:35 Loaded file E:\ORCAD\LAYOUT_PLUS\library\FBUS.llb
Fri May 31 12:39:35 Loaded file E:\ORCAD\LAYOUT_PLUS\library\ISA.llb
Fri May 31 12:39:35 Loaded file E:\ORCAD\LAYOUT_PLUS\library\JUMPER.LLB
Fri May 31 12:39:35 Loaded file E:\ORCAD\LAYOUT_PLUS\library\LAYOUT.llb
Fri May 31 12:39:35 Loaded file E:\ORCAD\LAYOUT_PLUS\library\LCON100T.llb
Fri May 31 12:39:35 Loaded file E:\ORCAD\LAYOUT_PLUS\library\PC104.llb
Fri May 31 12:39:35 Loaded file E:\ORCAD\LAYOUT_PLUS\library\PCI.llb
Fri May 31 12:39:35 Loaded file E:\ORCAD\LAYOUT_PLUS\library\PCON100T.llb
Fri May 31 12:39:35 Loaded file E:\ORCAD\LAYOUT_PLUS\library\PCON156T.llb
Fri May 31 12:39:35 Loaded file E:\ORCAD\LAYOUT_PLUS\library\PGA.llb
Fri May 31 12:39:35 Loaded file E:\ORCAD\LAYOUT_PLUS\library\PLCC.llb
Fri May 31 12:39:35 Loaded file E:\ORCAD\LAYOUT_PLUS\library\QUAD.llb
Fri May 31 12:39:35 Loaded file E:\ORCAD\LAYOUT_PLUS\library\QUADB.llb
Fri May 31 12:39:35 Loaded file E:\ORCAD\LAYOUT_PLUS\library\RELAY.llb
Fri May 31 12:39:35 Loaded file E:\ORCAD\LAYOUT_PLUS\library\RF.llb
Fri May 31 12:39:35 Loaded file E:\ORCAD\LAYOUT_PLUS\library\SBUS.llb
Fri May 31 12:39:35 Loaded file E:\ORCAD\LAYOUT_PLUS\library\SIMM050F.llb
Fri May 31 12:39:35 Loaded file E:\ORCAD\LAYOUT_PLUS\library\SIMM050T.llb
Fri May 31 12:39:35 Loaded file E:\ORCAD\LAYOUT_PLUS\library\SIMM100F.llb
Fri May 31 12:39:35 Loaded file E:\ORCAD\LAYOUT_PLUS\library\SIMM100T.llb
Fri May 31 12:39:35 Loaded file E:\ORCAD\LAYOUT_PLUS\library\SIP.llb
Fri May 31 12:39:35 Loaded file E:\ORCAD\LAYOUT_PLUS\library\SM.llb
Fri May 31 12:39:35 Loaded file E:\ORCAD\LAYOUT_PLUS\library\SOG.llb
Fri May 31 12:39:35 Loaded file E:\ORCAD\LAYOUT_PLUS\library\SOJ.llb
Fri May 31 12:39:35 Loaded file E:\ORCAD\LAYOUT_PLUS\library\STIFF.llb
Fri May 31 12:39:35 Loaded file E:\ORCAD\LAYOUT_PLUS\library\TELE.llb
Fri May 31 12:39:35 Loaded file E:\ORCAD\LAYOUT_PLUS\library\TM_AXIAL.llb
Fri May 31 12:39:35 Loaded file E:\ORCAD\LAYOUT_PLUS\library\TM_CAP_P.llb
Fri May 31 12:39:35 Loaded file E:\ORCAD\LAYOUT_PLUS\library\TM_CYLND.llb
Fri May 31 12:39:35 Loaded file E:\ORCAD\LAYOUT_PLUS\library\TM_DIODE.llb
Fri May 31 12:39:35 Loaded file E:\ORCAD\LAYOUT_PLUS\library\TM_DISC.llb
Fri May 31 12:39:35 Loaded file E:\ORCAD\LAYOUT_PLUS\library\TM_RAD.llb
Fri May 31 12:39:35 Loaded file E:\ORCAD\LAYOUT_PLUS\library\TO.llb
Fri May 31 12:39:35 Loaded file E:\ORCAD\LAYOUT_PLUS\library\TRAINING.LLB
Fri May 31 12:39:35 Loaded file E:\ORCAD\LAYOUT_PLUS\library\VRES.llb
Fri May 31 12:39:35 Loaded file E:\ORCAD\LAYOUT_PLUS\library\WCON100T.llb
Fri May 31 12:39:35 Loaded file E:\ORCAD\LAYOUT_PLUS\library\XT.llb
Fri May 31 12:39:35 Loaded file E:\ORCAD\LAYOUT_PLUS\library\ZIGZAG.llb
Fri May 31 12:39:35 Loaded file E:\ORCAD\LAYOUT_PLUS\library\TO.llb
Fri May 31 12:39:35 Loaded file E:\ORCAD\LAYOUT_PLUS\library\TM_RAD.llb
Fri May 31 12:39:35 Loaded file E:\ORCAD\LAYOUT_PLUS\library\TM_DIODE.llb
Fri May 31 12:39:35 Loaded file E:\ORCAD\LAYOUT_PLUS\library\TO.llb
Fri May 31 12:39:35 Loaded file E:\ORCAD\LAYOUT_PLUS\library\TM_AXIAL.llb
Fri May 31 12:39:35 Loaded file E:\ORCAD\LAYOUT_PLUS\library\VRES.llb
Fri May 31 12:39:35 Loaded file E:\ORCAD\LAYOUT_PLUS\library\PCON156T.llb
Fri May 31 12:39:35 Loaded file E:\ORCAD\LAYOUT_PLUS\library\BCON100T.llb
Fri May 31 12:39:35 Loaded file E:\ORCAD\LAYOUT_PLUS\library\BCON100T.llb
Fri May 31 12:39:36 Loaded file E:\ORCAD\LAYOUT_PLUS\library\BCON100T.llb
Fri May 31 12:39:36 Loaded file E:\ORCAD\LAYOUT_PLUS\library\DIP100T.llb
Fri May 31 12:39:56 Loaded file E:\ORCAD\LAYOUT_PLUS\data\template.imp
Fri May 31 12:39:56 Loaded file E:\ORCAD\LAYOUT_PLUS\data\template.imp
Fri May 31 12:39:59 Loaded file E:\ORCAD\LAYOUT_PLUS\library\BCON100T.llb
Fri May 31 12:40:13 Loaded file E:\ORCAD\LAYOUT_PLUS\data\template.imp
Fri May 31 12:41:14 Loaded file E:\ORCAD\LAYOUT_PLUS\library\BCON100T.llb
Fri May 31 12:41:31 Loaded file E:\ORCAD\LAYOUT_PLUS\data\template.imp
Fri May 31 12:41:31 Loaded file E:\ORCAD\LAYOUT_PLUS\data\template.imp
Fri May 31 12:41:33 Loaded file E:\ORCAD\LAYOUT_PLUS\library\BCON100T.llb
Fri May 31 12:41:38 Loaded file E:\ORCAD\LAYOUT_PLUS\data\template.imp
Fri May 31 12:41:39 Loaded file E:\ORCAD\LAYOUT_PLUS\library\BCON100T.llb
Fri May 31 12:41:39 Loaded file E:\ORCAD\LAYOUT_PLUS\library\DIP100T.llb
Fri May 31 12:41:39 Loaded file E:\ORCAD\LAYOUT_PLUS\library\BCON100T.llb
Fri May 31 12:41:39 Loaded file E:\ORCAD\LAYOUT_PLUS\library\BCON100T.llb
Fri May 31 12:41:39 Saved as file D:\SHECHEM\DOCUMENTS\ONEDRIVE\DOCUMENTS\SEMESTER 5\ELECTRONIC DESIGN REALIZATION\ORCAD\PCB_FINAL\TRY_2_POWER_CORRECT\SCHEMATIC 1.MAX
Fri May 31 12:41:39 Loaded file D:\SHECHEM\DOCUMENTS\ONEDRIVE\DOCUMENTS\SEMESTER 5\ELECTRONIC DESIGN REALIZATION\ORCAD\PCB_FINAL\TRY_2_POWER_CORRECT\SCHEMATIC 1.MAX
Fri May 31 12:42:05 Saved as file BACKUP1.MAX
Fri May 31 12:42:05 Saved as file D:\SHECHEM\DOCUMENTS\ONEDRIVE\DOCUMENTS\SEMESTER 5\ELECTRONIC DESIGN REALIZATION\ORCAD\PCB_FINAL\TRY_2_POWER_CORRECT\SCHEMATIC 1.MAX
Fri May 31 12:42:06 UserDiv from Layout.INI for AutoECO: 60
Fri May 31 12:42:06 Loaded file D:\SHECHEM\DOCUMENTS\ONEDRIVE\DOCUMENTS\SEMESTER 5\ELECTRONIC DESIGN REALIZATION\ORCAD\PCB_FINAL\TRY_2_POWER_CORRECT\SCHEMATIC 1.MAX
Fri May 31 12:42:06 Loaded file E:\ORCAD\LAYOUT_PLUS\library\BCON100T.llb
Fri May 31 12:42:06 Loaded file E:\ORCAD\LAYOUT_PLUS\library\BCON156T.llb
Fri May 31 12:42:06 Loaded file E:\ORCAD\LAYOUT_PLUS\library\BGA.llb
Fri May 31 12:42:06 Loaded file E:\ORCAD\LAYOUT_PLUS\library\CLCC.llb
Fri May 31 12:42:06 Loaded file E:\ORCAD\LAYOUT_PLUS\library\DCON050T.llb
Fri May 31 12:42:06 Loaded file E:\ORCAD\LAYOUT_PLUS\library\DCON085T.llb
Fri May 31 12:42:06 Loaded file E:\ORCAD\LAYOUT_PLUS\library\DIMM050F.llb
Fri May 31 12:42:06 Loaded file E:\ORCAD\LAYOUT_PLUS\library\DIMM050T.llb
Fri May 31 12:42:06 Loaded file E:\ORCAD\LAYOUT_PLUS\library\DIN.llb
Fri May 31 12:42:06 Loaded file E:\ORCAD\LAYOUT_PLUS\library\DIP100B.llb
Fri May 31 12:42:06 Loaded file E:\ORCAD\LAYOUT_PLUS\library\DIP100T.llb
Fri May 31 12:42:06 Loaded file E:\ORCAD\LAYOUT_PLUS\library\DSUBT.llb
Fri May 31 12:42:06 Loaded file E:\ORCAD\LAYOUT_PLUS\library\DSUBT_HD.LLB
Fri May 31 12:42:06 Loaded file E:\ORCAD\LAYOUT_PLUS\library\ECON100T.llb
Fri May 31 12:42:06 Loaded file E:\ORCAD\LAYOUT_PLUS\library\FBUS.llb
Fri May 31 12:42:06 Loaded file E:\ORCAD\LAYOUT_PLUS\library\ISA.llb
Fri May 31 12:42:06 Loaded file E:\ORCAD\LAYOUT_PLUS\library\JUMPER.LLB
Fri May 31 12:42:06 Loaded file E:\ORCAD\LAYOUT_PLUS\library\LAYOUT.llb
Fri May 31 12:42:06 Loaded file E:\ORCAD\LAYOUT_PLUS\library\LCON100T.llb
Fri May 31 12:42:06 Loaded file E:\ORCAD\LAYOUT_PLUS\library\PC104.llb
Fri May 31 12:42:06 Loaded file E:\ORCAD\LAYOUT_PLUS\library\PCI.llb
Fri May 31 12:42:06 Loaded file E:\ORCAD\LAYOUT_PLUS\library\PCON100T.llb
Fri May 31 12:42:06 Loaded file E:\ORCAD\LAYOUT_PLUS\library\PCON156T.llb
Fri May 31 12:42:06 Loaded file E:\ORCAD\LAYOUT_PLUS\library\PGA.llb
Fri May 31 12:42:06 Loaded file E:\ORCAD\LAYOUT_PLUS\library\PLCC.llb
Fri May 31 12:42:06 Loaded file E:\ORCAD\LAYOUT_PLUS\library\QUAD.llb
Fri May 31 12:42:06 Loaded file E:\ORCAD\LAYOUT_PLUS\library\QUADB.llb
Fri May 31 12:42:06 Loaded file E:\ORCAD\LAYOUT_PLUS\library\RELAY.llb
Fri May 31 12:42:06 Loaded file E:\ORCAD\LAYOUT_PLUS\library\RF.llb
Fri May 31 12:42:06 Loaded file E:\ORCAD\LAYOUT_PLUS\library\SBUS.llb
Fri May 31 12:42:06 Loaded file E:\ORCAD\LAYOUT_PLUS\library\SIMM050F.llb
Fri May 31 12:42:06 Loaded file E:\ORCAD\LAYOUT_PLUS\library\SIMM050T.llb
Fri May 31 12:42:06 Loaded file E:\ORCAD\LAYOUT_PLUS\library\SIMM100F.llb
Fri May 31 12:42:06 Loaded file E:\ORCAD\LAYOUT_PLUS\library\SIMM100T.llb
Fri May 31 12:42:06 Loaded file E:\ORCAD\LAYOUT_PLUS\library\SIP.llb
Fri May 31 12:42:06 Loaded file E:\ORCAD\LAYOUT_PLUS\library\SM.llb
Fri May 31 12:42:06 Loaded file E:\ORCAD\LAYOUT_PLUS\library\SOG.llb
Fri May 31 12:42:06 Loaded file E:\ORCAD\LAYOUT_PLUS\library\SOJ.llb
Fri May 31 12:42:06 Loaded file E:\ORCAD\LAYOUT_PLUS\library\STIFF.llb
Fri May 31 12:42:06 Loaded file E:\ORCAD\LAYOUT_PLUS\library\TELE.llb
Fri May 31 12:42:06 Loaded file E:\ORCAD\LAYOUT_PLUS\library\TM_AXIAL.llb
Fri May 31 12:42:06 Loaded file E:\ORCAD\LAYOUT_PLUS\library\TM_CAP_P.llb
Fri May 31 12:42:06 Loaded file E:\ORCAD\LAYOUT_PLUS\library\TM_CYLND.llb
Fri May 31 12:42:06 Loaded file E:\ORCAD\LAYOUT_PLUS\library\TM_DIODE.llb
Fri May 31 12:42:06 Loaded file E:\ORCAD\LAYOUT_PLUS\library\TM_DISC.llb
Fri May 31 12:42:06 Loaded file E:\ORCAD\LAYOUT_PLUS\library\TM_RAD.llb
Fri May 31 12:42:06 Loaded file E:\ORCAD\LAYOUT_PLUS\library\TO.llb
Fri May 31 12:42:06 Loaded file E:\ORCAD\LAYOUT_PLUS\library\TRAINING.LLB
Fri May 31 12:42:06 Loaded file E:\ORCAD\LAYOUT_PLUS\library\VRES.llb
Fri May 31 12:42:06 Loaded file E:\ORCAD\LAYOUT_PLUS\library\WCON100T.llb
Fri May 31 12:42:06 Loaded file E:\ORCAD\LAYOUT_PLUS\library\XT.llb
Fri May 31 12:42:06 Loaded file E:\ORCAD\LAYOUT_PLUS\library\ZIGZAG.llb
Fri May 31 12:42:06 Saved as file D:\SHECHEM\DOCUMENTS\ONEDRIVE\DOCUMENTS\SEMESTER 5\ELECTRONIC DESIGN REALIZATION\ORCAD\PCB_FINAL\TRY_2_POWER_CORRECT\SCHEMATIC 1.MAX
Fri May 31 12:42:11 Loaded file D:\SHECHEM\DOCUMENTS\ONEDRIVE\DOCUMENTS\SEMESTER 5\ELECTRONIC DESIGN REALIZATION\ORCAD\PCB_FINAL\TRY_2_POWER_CORRECT\SCHEMATIC 1.MAX
Fri May 31 12:42:22 Saved as file BACKUP1.MAX
Fri May 31 12:42:22 Saved as file D:\SHECHEM\DOCUMENTS\ONEDRIVE\DOCUMENTS\SEMESTER 5\ELECTRONIC DESIGN REALIZATION\ORCAD\PCB_FINAL\TRY_2_POWER_CORRECT\SCHEMATIC 1.MAX
Fri May 31 12:42:22 UserDiv from Layout.INI for AutoECO: 60
Fri May 31 12:42:22 Loaded file D:\SHECHEM\DOCUMENTS\ONEDRIVE\DOCUMENTS\SEMESTER 5\ELECTRONIC DESIGN REALIZATION\ORCAD\PCB_FINAL\TRY_2_POWER_CORRECT\SCHEMATIC 1.MAX
Fri May 31 12:42:22 Loaded file E:\ORCAD\LAYOUT_PLUS\library\BCON100T.llb
Fri May 31 12:42:22 Loaded file E:\ORCAD\LAYOUT_PLUS\library\BCON156T.llb
Fri May 31 12:42:22 Loaded file E:\ORCAD\LAYOUT_PLUS\library\BGA.llb
Fri May 31 12:42:22 Loaded file E:\ORCAD\LAYOUT_PLUS\library\CLCC.llb
Fri May 31 12:42:22 Loaded file E:\ORCAD\LAYOUT_PLUS\library\DCON050T.llb
Fri May 31 12:42:22 Loaded file E:\ORCAD\LAYOUT_PLUS\library\DCON085T.llb
Fri May 31 12:42:22 Loaded file E:\ORCAD\LAYOUT_PLUS\library\DIMM050F.llb
Fri May 31 12:42:22 Loaded file E:\ORCAD\LAYOUT_PLUS\library\DIMM050T.llb
Fri May 31 12:42:22 Loaded file E:\ORCAD\LAYOUT_PLUS\library\DIN.llb
Fri May 31 12:42:22 Loaded file E:\ORCAD\LAYOUT_PLUS\library\DIP100B.llb
Fri May 31 12:42:22 Loaded file E:\ORCAD\LAYOUT_PLUS\library\DIP100T.llb
Fri May 31 12:42:22 Loaded file E:\ORCAD\LAYOUT_PLUS\library\DSUBT.llb
Fri May 31 12:42:22 Loaded file E:\ORCAD\LAYOUT_PLUS\library\DSUBT_HD.LLB
Fri May 31 12:42:22 Loaded file E:\ORCAD\LAYOUT_PLUS\library\ECON100T.llb
Fri May 31 12:42:22 Loaded file E:\ORCAD\LAYOUT_PLUS\library\FBUS.llb
Fri May 31 12:42:22 Loaded file E:\ORCAD\LAYOUT_PLUS\library\ISA.llb
Fri May 31 12:42:22 Loaded file E:\ORCAD\LAYOUT_PLUS\library\JUMPER.LLB
Fri May 31 12:42:22 Loaded file E:\ORCAD\LAYOUT_PLUS\library\LAYOUT.llb
Fri May 31 12:42:22 Loaded file E:\ORCAD\LAYOUT_PLUS\library\LCON100T.llb
Fri May 31 12:42:22 Loaded file E:\ORCAD\LAYOUT_PLUS\library\PC104.llb
Fri May 31 12:42:22 Loaded file E:\ORCAD\LAYOUT_PLUS\library\PCI.llb
Fri May 31 12:42:22 Loaded file E:\ORCAD\LAYOUT_PLUS\library\PCON100T.llb
Fri May 31 12:42:22 Loaded file E:\ORCAD\LAYOUT_PLUS\library\PCON156T.llb
Fri May 31 12:42:22 Loaded file E:\ORCAD\LAYOUT_PLUS\library\PGA.llb
Fri May 31 12:42:22 Loaded file E:\ORCAD\LAYOUT_PLUS\library\PLCC.llb
Fri May 31 12:42:22 Loaded file E:\ORCAD\LAYOUT_PLUS\library\QUAD.llb
Fri May 31 12:42:22 Loaded file E:\ORCAD\LAYOUT_PLUS\library\QUADB.llb
Fri May 31 12:42:22 Loaded file E:\ORCAD\LAYOUT_PLUS\library\RELAY.llb
Fri May 31 12:42:22 Loaded file E:\ORCAD\LAYOUT_PLUS\library\RF.llb
Fri May 31 12:42:22 Loaded file E:\ORCAD\LAYOUT_PLUS\library\SBUS.llb
Fri May 31 12:42:22 Loaded file E:\ORCAD\LAYOUT_PLUS\library\SIMM050F.llb
Fri May 31 12:42:22 Loaded file E:\ORCAD\LAYOUT_PLUS\library\SIMM050T.llb
Fri May 31 12:42:22 Loaded file E:\ORCAD\LAYOUT_PLUS\library\SIMM100F.llb
Fri May 31 12:42:22 Loaded file E:\ORCAD\LAYOUT_PLUS\library\SIMM100T.llb
Fri May 31 12:42:22 Loaded file E:\ORCAD\LAYOUT_PLUS\library\SIP.llb
Fri May 31 12:42:22 Loaded file E:\ORCAD\LAYOUT_PLUS\library\SM.llb
Fri May 31 12:42:22 Loaded file E:\ORCAD\LAYOUT_PLUS\library\SOG.llb
Fri May 31 12:42:22 Loaded file E:\ORCAD\LAYOUT_PLUS\library\SOJ.llb
Fri May 31 12:42:22 Loaded file E:\ORCAD\LAYOUT_PLUS\library\STIFF.llb
Fri May 31 12:42:22 Loaded file E:\ORCAD\LAYOUT_PLUS\library\TELE.llb
Fri May 31 12:42:22 Loaded file E:\ORCAD\LAYOUT_PLUS\library\TM_AXIAL.llb
Fri May 31 12:42:22 Loaded file E:\ORCAD\LAYOUT_PLUS\library\TM_CAP_P.llb
Fri May 31 12:42:22 Loaded file E:\ORCAD\LAYOUT_PLUS\library\TM_CYLND.llb
Fri May 31 12:42:22 Loaded file E:\ORCAD\LAYOUT_PLUS\library\TM_DIODE.llb
Fri May 31 12:42:22 Loaded file E:\ORCAD\LAYOUT_PLUS\library\TM_DISC.llb
Fri May 31 12:42:22 Loaded file E:\ORCAD\LAYOUT_PLUS\library\TM_RAD.llb
Fri May 31 12:42:22 Loaded file E:\ORCAD\LAYOUT_PLUS\library\TO.llb
Fri May 31 12:42:22 Loaded file E:\ORCAD\LAYOUT_PLUS\library\TRAINING.LLB
Fri May 31 12:42:22 Loaded file E:\ORCAD\LAYOUT_PLUS\library\VRES.llb
Fri May 31 12:42:22 Loaded file E:\ORCAD\LAYOUT_PLUS\library\WCON100T.llb
Fri May 31 12:42:22 Loaded file E:\ORCAD\LAYOUT_PLUS\library\XT.llb
Fri May 31 12:42:22 Loaded file E:\ORCAD\LAYOUT_PLUS\library\ZIGZAG.llb
Fri May 31 12:42:22 Saved as file D:\SHECHEM\DOCUMENTS\ONEDRIVE\DOCUMENTS\SEMESTER 5\ELECTRONIC DESIGN REALIZATION\ORCAD\PCB_FINAL\TRY_2_POWER_CORRECT\SCHEMATIC 1.MAX
Fri May 31 12:42:27 Loaded file D:\SHECHEM\DOCUMENTS\ONEDRIVE\DOCUMENTS\SEMESTER 5\ELECTRONIC DESIGN REALIZATION\ORCAD\PCB_FINAL\TRY_2_POWER_CORRECT\SCHEMATIC 1.MAX
Fri May 31 12:43:13 Loaded file e:\orcad\Layout_Plus\data\template.imp
Fri May 31 12:43:13 Loaded file e:\orcad\Layout_Plus\data\template.imp
Fri May 31 12:43:13 Loaded file e:\orcad\Layout_Plus\data\template.imp
Fri May 31 12:43:13 Loaded file e:\orcad\Layout_Plus\data\template.imp
Fri May 31 12:43:14 Loaded file e:\orcad\Layout_Plus\library\BCON100T.llb
